[2025-03-26 11:24:13.624] [info] Using configuration file /home/arkboi/.config/waybar/config.jsonc
[2025-03-26 11:24:13.653] [info] Unable to receive desktop appearance: GDBus.Error:org.freedesktop.portal.Error.NotFound: Requested setting not found
[2025-03-26 11:24:13.653] [info] Using CSS file /home/arkboi/.config/waybar/style.css
  % Total    % Received % Xferd  Average Speed   Time    Time     Time  Current
                                 Dload  Upload   Total   Spent    Left  Speed
  0     0    0     0    0     0      0      0 --:--:-- --:--:-- --:--:--     0[2025-03-26 11:24:13.837] [info] Bar configured (width: 1920, height: 28) for output: eDP-1
[2025-03-26 11:24:13.837] [error] Item '': No icon name or pixmap given.
  0     0    0     0    0     0      0      0 --:--:-- --:--:-- --:--:--     0
** (waybar:153298): WARNING **: 11:24:14.030: Status Notifier Item with bus name ':1.7' and object path '/org/ayatana/NotificationItem/nm_applet' is already registered
100    16  100    16    0     0     22      0 --:--:-- --:--:-- --:--:--    22

** (waybar:153298): WARNING **: 12:19:52.473: Status Notifier Item with bus name ':1.7' and object path '/org/ayatana/NotificationItem/nm_applet' is already registered

** (waybar:153298): WARNING **: 12:19:54.592: Status Notifier Item with bus name ':1.7' and object path '/org/ayatana/NotificationItem/nm_applet' is already registered

** (waybar:153298): WARNING **: 12:20:26.011: Status Notifier Item with bus name ':1.7' and object path '/org/ayatana/NotificationItem/nm_applet' is already registered

(waybar:153298): LIBDBUSMENU-GLIB-WARNING **: 12:20:50.561: Getting layout failed: GDBus.Error:org.freedesktop.DBus.Error.UnknownObject: No such object path '/MenuBar'

** (waybar:153298): WARNING **: 12:20:50.564: Status Notifier Item with bus name ':1.7' and object path '/org/ayatana/NotificationItem/nm_applet' is already registered

** (waybar:153298): WARNING **: 12:20:51.754: Status Notifier Item with bus name ':1.7' and object path '/org/ayatana/NotificationItem/nm_applet' is already registered

(waybar:153298): LIBDBUSMENU-GLIB-WARNING **: 12:21:07.069: Getting layout failed: GDBus.Error:org.freedesktop.DBus.Error.UnknownObject: No such object path '/MenuBar'

** (waybar:153298): WARNING **: 12:21:07.072: Status Notifier Item with bus name ':1.7' and object path '/org/ayatana/NotificationItem/nm_applet' is already registered

** (waybar:153298): WARNING **: 12:21:10.379: Status Notifier Item with bus name ':1.7' and object path '/org/ayatana/NotificationItem/nm_applet' is already registered

(waybar:153298): LIBDBUSMENU-GLIB-WARNING **: 12:21:12.955: Getting layout failed: GDBus.Error:org.freedesktop.DBus.Error.UnknownObject: No such object path '/MenuBar'

** (waybar:153298): WARNING **: 12:21:12.956: Status Notifier Item with bus name ':1.7' and object path '/org/ayatana/NotificationItem/nm_applet' is already registered

** (waybar:153298): WARNING **: 12:23:34.949: Status Notifier Item with bus name ':1.7' and object path '/org/ayatana/NotificationItem/nm_applet' is already registered

** (waybar:153298): WARNING **: 12:23:40.295: Status Notifier Item with bus name ':1.7' and object path '/org/ayatana/NotificationItem/nm_applet' is already registered

** (waybar:153298): WARNING **: 12:23:44.886: Status Notifier Item with bus name ':1.7' and object path '/org/ayatana/NotificationItem/nm_applet' is already registered
  % Total    % Received % Xferd  Average Speed   Time    Time     Time  Current
                                 Dload  Upload   Total   Spent    Left  Speed
  0     0    0     0    0     0      0      0 --:--:-- --:--:-- --:--:--     0100    16  100    16    0     0     26      0 --:--:-- --:--:-- --:--:--    26
Gdk-Message: 12:25:51.292: Error reading events from display: Connection reset by peer
